<?xml version="1.0" encoding="UTF-8"?>
<!-- Generated by org.testng.reporters.JUnitXMLReporter -->
<testsuite hostname="administrator-Latitude-E5570" ignored="12" name="Test" tests="1" failures="0" timestamp="02 Oct 2018 17:21:51 GMT" time="0.027" errors="0">
  <testcase name="print" time="0.007" classname="tests.AppTest"/>
  <testcase name="print2" time="0.0" classname="tests.AppTest">
    <ignored/>
  </testcase> <!-- print2 -->
  <testcase name="print4" time="0.0" classname="tests.DemoTest2">
    <ignored/>
  </testcase> <!-- print4 -->
  <testcase name="print4" time="0.0" classname="tests.DemoTest1">
    <ignored/>
  </testcase> <!-- print4 -->
  <testcase name="print3" time="0.0" classname="tests.AppTest">
    <ignored/>
  </testcase> <!-- print3 -->
  <testcase name="print3" time="0.0" classname="tests.DemoTest1">
    <ignored/>
  </testcase> <!-- print3 -->
  <testcase name="print" time="0.0" classname="tests.DemoTest1">
    <ignored/>
  </testcase> <!-- print -->
  <testcase name="print4" time="0.0" classname="tests.AppTest">
    <ignored/>
  </testcase> <!-- print4 -->
  <testcase name="print2" time="0.0" classname="tests.DemoTest1">
    <ignored/>
  </testcase> <!-- print2 -->
  <testcase name="print2" time="0.0" classname="tests.DemoTest2">
    <ignored/>
  </testcase> <!-- print2 -->
  <testcase name="print3" time="0.0" classname="tests.DemoTest2">
    <ignored/>
  </testcase> <!-- print3 -->
  <testcase name="print" time="0.0" classname="tests.DemoTest2">
    <ignored/>
  </testcase> <!-- print -->
  <testcase name="launchBrowser" time="0.0" classname="globalUtilities.Crossbrowser">
    <ignored/>
  </testcase> <!-- launchBrowser -->
</testsuite> <!-- Test -->
