<?xml version="1.0" encoding="UTF-8"?>
<testng-results skipped="0" failed="0" ignored="10" total="13" passed="3">
  <reporter-output>
  </reporter-output>
  <suite name="Suite" duration-ms="41" started-at="2018-10-04T11:27:20Z" finished-at="2018-10-04T11:27:20Z">
    <groups>
      <group name="test">
        <method signature="AppTest.print3()[pri:0, instance:tests.AppTest@3e6fa38a]" name="print3" class="tests.AppTest"/>
        <method signature="AppTest.print4()[pri:0, instance:tests.AppTest@3e6fa38a]" name="print4" class="tests.AppTest"/>
      </group> <!-- test -->
      <group name="testttt">
        <method signature="AppTest.print()[pri:0, instance:tests.AppTest@3e6fa38a]" name="print" class="tests.AppTest"/>
        <method signature="AppTest.print3()[pri:0, instance:tests.AppTest@3e6fa38a]" name="print3" class="tests.AppTest"/>
        <method signature="AppTest.print4()[pri:0, instance:tests.AppTest@3e6fa38a]" name="print4" class="tests.AppTest"/>
      </group> <!-- testttt -->
    </groups>
    <test name="Funxtional Tests" duration-ms="41" started-at="2018-10-04T11:27:20Z" finished-at="2018-10-04T11:27:20Z">
      <class name="tests.AppTest">
        <test-method status="PASS" signature="print()[pri:0, instance:tests.AppTest@3e6fa38a]" name="print" duration-ms="8" started-at="2018-10-04T11:27:20Z" finished-at="2018-10-04T11:27:20Z">
          <reporter-output>
          </reporter-output>
        </test-method> <!-- print -->
        <test-method status="PASS" signature="print4()[pri:0, instance:tests.AppTest@3e6fa38a]" name="print4" duration-ms="1" started-at="2018-10-04T11:27:20Z" finished-at="2018-10-04T11:27:20Z">
          <reporter-output>
          </reporter-output>
        </test-method> <!-- print4 -->
        <test-method status="PASS" signature="print3()[pri:0, instance:tests.AppTest@3e6fa38a]" name="print3" duration-ms="0" started-at="2018-10-04T11:27:20Z" finished-at="2018-10-04T11:27:20Z">
          <reporter-output>
          </reporter-output>
        </test-method> <!-- print3 -->
      </class> <!-- tests.AppTest -->
    </test> <!-- Funxtional Tests -->
  </suite> <!-- Suite -->
</testng-results>
