<?xml version="1.0" encoding="UTF-8"?>
<!-- Generated by org.testng.reporters.JUnitReportReporter -->
<testsuite skipped="0" hostname="administrator-Latitude-E5570" name="meVariable.meVariable.DemoTest1" tests="4" failures="0" timestamp="02 Oct 2018 05:33:25 GMT" time="0.006" errors="0">
  <testcase name="print2" time="0.000" classname="meVariable.meVariable.DemoTest1"/>
  <testcase name="print3" time="0.000" classname="meVariable.meVariable.DemoTest1"/>
  <testcase name="print4" time="0.000" classname="meVariable.meVariable.DemoTest1"/>
  <testcase name="print" time="0.006" classname="meVariable.meVariable.DemoTest1"/>
</testsuite> <!-- meVariable.meVariable.DemoTest1 -->
